!SESSION 2013-10-07 18:25:07.742 -----------------------------------------------
eclipse.buildId=unknown
java.version=1.7.0_25
java.vendor=Oracle Corporation
BootLoader constants: OS=win32, ARCH=x86, WS=win32, NL=en_US
Framework arguments:  -product ch.uzh.business.systemanalyse.tool.product
Command-line arguments:  -product ch.uzh.business.systemanalyse.tool.product -data C:\Users\krzysztof.dabkowski\Documents\1_Private\IBW\workspace 10.2013/../runtime-ch.uzh.business.systemanalyse.tool.product(1) -dev file:C:/Users/krzysztof.dabkowski/Documents/1_Private/IBW/workspace 10.2013/.metadata/.plugins/org.eclipse.pde.core/ch.uzh.business.systemanalyse.tool.product (1)/dev.properties -os win32 -ws win32 -arch x86 -consoleLog

!ENTRY org.eclipse.equinox.app 0 0 2013-10-07 18:25:09.369
!MESSAGE Product ch.uzh.business.systemanalyse.tool.product could not be found.

!ENTRY org.eclipse.osgi 2 0 2013-10-07 18:25:09.449
!MESSAGE One or more bundles are not resolved because the following root constraints are not resolved:
!SUBENTRY 1 org.eclipse.osgi 2 0 2013-10-07 18:25:09.450
!MESSAGE Bundle initial@reference:file:plugins/org.eclipse.ui_3.105.0.v20130522-1122.jar was not resolved.
!SUBENTRY 2 org.eclipse.ui 2 0 2013-10-07 18:25:09.450
!MESSAGE Missing required capability Require-Capability: osgi.ee; filter="(|(&(osgi.ee=CDC/Foundation)(version=1.0))(&(osgi.ee=JavaSE)(version=1.3)))".
!SUBENTRY 1 org.eclipse.osgi 2 0 2013-10-07 18:25:09.451
!MESSAGE Bundle initial@reference:file:plugins/org.eclipse.ui.workbench_3.105.1.v20130821-1411.jar was not resolved.
!SUBENTRY 2 org.eclipse.ui.workbench 2 0 2013-10-07 18:25:09.452
!MESSAGE Missing imported package org.eclipse.e4.ui.workbench_0.0.0.
!SUBENTRY 2 org.eclipse.ui.workbench 2 0 2013-10-07 18:25:09.453
!MESSAGE Missing imported package org.eclipse.e4.ui.internal.workbench_0.0.0.
!SUBENTRY 2 org.eclipse.ui.workbench 2 0 2013-10-07 18:25:09.453
!MESSAGE Missing required bundle org.eclipse.e4.core.services_1.0.0.
!SUBENTRY 2 org.eclipse.ui.workbench 2 0 2013-10-07 18:25:09.454
!MESSAGE Missing imported package org.eclipse.emf.ecore_0.0.0.
!SUBENTRY 2 org.eclipse.ui.workbench 2 0 2013-10-07 18:25:09.455
!MESSAGE Missing required bundle org.eclipse.e4.ui.workbench.addons.swt_0.10.0.
!SUBENTRY 2 org.eclipse.ui.workbench 2 0 2013-10-07 18:25:09.456
!MESSAGE Missing imported package org.eclipse.e4.ui.internal.workbench.renderers.swt_0.0.0.
!SUBENTRY 2 org.eclipse.ui.workbench 2 0 2013-10-07 18:25:09.456
!MESSAGE Missing required bundle org.eclipse.e4.ui.workbench.swt_0.9.1.
!SUBENTRY 2 org.eclipse.ui.workbench 2 0 2013-10-07 18:25:09.457
!MESSAGE Missing required bundle org.eclipse.e4.core.di_1.1.0.
!SUBENTRY 2 org.eclipse.ui.workbench 2 0 2013-10-07 18:25:09.458
!MESSAGE Missing imported package org.eclipse.emf.common.util_0.0.0.
!SUBENTRY 2 org.eclipse.ui.workbench 2 0 2013-10-07 18:25:09.458
!MESSAGE Missing required bundle org.eclipse.e4.ui.workbench3_0.12.0.
!SUBENTRY 2 org.eclipse.ui.workbench 2 0 2013-10-07 18:25:09.459
!MESSAGE Missing required bundle org.eclipse.e4.ui.bindings_0.9.0.
!SUBENTRY 2 org.eclipse.ui.workbench 2 0 2013-10-07 18:25:09.459
!MESSAGE Missing required bundle org.eclipse.e4.ui.model.workbench_0.9.1.
!SUBENTRY 2 org.eclipse.ui.workbench 2 0 2013-10-07 18:25:09.460
!MESSAGE Missing imported package javax.inject_1.0.0.
!SUBENTRY 2 org.eclipse.ui.workbench 2 0 2013-10-07 18:25:09.461
!MESSAGE Missing imported package org.eclipse.e4.ui.internal.workbench.addons_0.0.0.
!SUBENTRY 2 org.eclipse.ui.workbench 2 0 2013-10-07 18:25:09.461
!MESSAGE Missing imported package org.eclipse.e4.ui.services_0.0.0.
!SUBENTRY 2 org.eclipse.ui.workbench 2 0 2013-10-07 18:25:09.462
!MESSAGE Missing required bundle org.eclipse.e4.ui.css.swt_0.9.1.
!SUBENTRY 2 org.eclipse.ui.workbench 2 0 2013-10-07 18:25:09.463
!MESSAGE Missing imported package org.eclipse.e4.core.commands_0.0.0.
!SUBENTRY 2 org.eclipse.ui.workbench 2 0 2013-10-07 18:25:09.463
!MESSAGE Missing imported package org.eclipse.e4.ui.internal.workbench.swt_0.0.0.
!SUBENTRY 2 org.eclipse.ui.workbench 2 0 2013-10-07 18:25:09.464
!MESSAGE Missing imported package javax.annotation_1.0.0.
!SUBENTRY 2 org.eclipse.ui.workbench 2 0 2013-10-07 18:25:09.464
!MESSAGE Missing imported package org.eclipse.e4.ui.workbench.modeling_0.0.0.
!SUBENTRY 2 org.eclipse.ui.workbench 2 0 2013-10-07 18:25:09.465
!MESSAGE Missing required bundle org.eclipse.e4.ui.css.core_0.9.0.
!SUBENTRY 2 org.eclipse.ui.workbench 2 0 2013-10-07 18:25:09.465
!MESSAGE Missing required bundle org.eclipse.e4.ui.css.swt.theme_0.9.0.
!SUBENTRY 2 org.eclipse.ui.workbench 2 0 2013-10-07 18:25:09.466
!MESSAGE Missing required bundle org.eclipse.emf.ecore_2.7.0.
!SUBENTRY 2 org.eclipse.ui.workbench 2 0 2013-10-07 18:25:09.467
!MESSAGE Missing imported package org.w3c.dom.css_2.0.0.
!SUBENTRY 2 org.eclipse.ui.workbench 2 0 2013-10-07 18:25:09.467
!MESSAGE Missing imported package org.eclipse.emf.ecore.util_0.0.0.
!SUBENTRY 2 org.eclipse.ui.workbench 2 0 2013-10-07 18:25:09.468
!MESSAGE Missing imported package org.eclipse.e4.core.commands.internal_0.0.0.
!SUBENTRY 2 org.eclipse.ui.workbench 2 0 2013-10-07 18:25:09.469
!MESSAGE Missing imported package org.eclipse.e4.ui.workbench.renderers.swt_0.0.0.
!SUBENTRY 2 org.eclipse.ui.workbench 2 0 2013-10-07 18:25:09.469
!MESSAGE Missing required bundle org.eclipse.e4.ui.di_0.9.0.
!SUBENTRY 2 org.eclipse.ui.workbench 2 0 2013-10-07 18:25:09.470
!MESSAGE Missing required bundle org.eclipse.e4.core.contexts_1.0.0.

!ENTRY org.eclipse.osgi 2 0 2013-10-07 18:25:09.488
!MESSAGE The following is a complete list of bundles which are not resolved, see the prior log entry for the root cause if it exists:
!SUBENTRY 1 org.eclipse.osgi 2 0 2013-10-07 18:25:09.489
!MESSAGE Bundle ch.uzh.business.systemanalyse.tool_1.0.0.qualifier [4] was not resolved.
!SUBENTRY 2 ch.uzh.business.systemanalyse.tool 2 0 2013-10-07 18:25:09.489
!MESSAGE Missing required bundle org.eclipse.ui_0.0.0.
!SUBENTRY 1 org.eclipse.osgi 2 0 2013-10-07 18:25:09.490
!MESSAGE Bundle org.eclipse.ui_3.105.0.v20130522-1122 [13] was not resolved.
!SUBENTRY 2 org.eclipse.ui 2 0 2013-10-07 18:25:09.491
!MESSAGE Missing required bundle org.eclipse.ui.workbench_[3.105.0,4.0.0).
!SUBENTRY 2 org.eclipse.ui 2 0 2013-10-07 18:25:09.491
!MESSAGE Missing required capability Require-Capability: osgi.ee; filter="(|(&(osgi.ee=CDC/Foundation)(version=1.0))(&(osgi.ee=JavaSE)(version=1.3)))".
!SUBENTRY 1 org.eclipse.osgi 2 0 2013-10-07 18:25:09.492
!MESSAGE Bundle org.eclipse.ui.workbench_3.105.1.v20130821-1411 [23] was not resolved.
!SUBENTRY 2 org.eclipse.ui.workbench 2 0 2013-10-07 18:25:09.492
!MESSAGE Missing required bundle org.eclipse.e4.core.services_1.0.0.
!SUBENTRY 2 org.eclipse.ui.workbench 2 0 2013-10-07 18:25:09.493
!MESSAGE Missing required bundle org.eclipse.e4.core.contexts_1.0.0.
!SUBENTRY 2 org.eclipse.ui.workbench 2 0 2013-10-07 18:25:09.493
!MESSAGE Missing required bundle org.eclipse.e4.core.di_1.1.0.
!SUBENTRY 2 org.eclipse.ui.workbench 2 0 2013-10-07 18:25:09.494
!MESSAGE Missing required bundle org.eclipse.e4.ui.workbench.swt_0.9.1.
!SUBENTRY 2 org.eclipse.ui.workbench 2 0 2013-10-07 18:25:09.494
!MESSAGE Missing required bundle org.eclipse.e4.ui.di_0.9.0.
!SUBENTRY 2 org.eclipse.ui.workbench 2 0 2013-10-07 18:25:09.495
!MESSAGE Missing required bundle org.eclipse.e4.ui.model.workbench_0.9.1.
!SUBENTRY 2 org.eclipse.ui.workbench 2 0 2013-10-07 18:25:09.496
!MESSAGE Missing required bundle org.eclipse.e4.ui.css.swt.theme_0.9.0.
!SUBENTRY 2 org.eclipse.ui.workbench 2 0 2013-10-07 18:25:09.497
!MESSAGE Missing required bundle org.eclipse.e4.ui.bindings_0.9.0.
!SUBENTRY 2 org.eclipse.ui.workbench 2 0 2013-10-07 18:25:09.497
!MESSAGE Missing required bundle org.eclipse.e4.ui.css.swt_0.9.1.
!SUBENTRY 2 org.eclipse.ui.workbench 2 0 2013-10-07 18:25:09.498
!MESSAGE Missing required bundle org.eclipse.e4.ui.css.core_0.9.0.
!SUBENTRY 2 org.eclipse.ui.workbench 2 0 2013-10-07 18:25:09.498
!MESSAGE Missing required bundle org.eclipse.e4.ui.workbench3_0.12.0.
!SUBENTRY 2 org.eclipse.ui.workbench 2 0 2013-10-07 18:25:09.499
!MESSAGE Missing required bundle org.eclipse.e4.ui.workbench.addons.swt_0.10.0.
!SUBENTRY 2 org.eclipse.ui.workbench 2 0 2013-10-07 18:25:09.499
!MESSAGE Missing required bundle org.eclipse.emf.ecore_2.7.0.
!SUBENTRY 2 org.eclipse.ui.workbench 2 0 2013-10-07 18:25:09.500
!MESSAGE Missing imported package javax.annotation_1.0.0.
!SUBENTRY 2 org.eclipse.ui.workbench 2 0 2013-10-07 18:25:09.501
!MESSAGE Missing imported package javax.inject_1.0.0.
!SUBENTRY 2 org.eclipse.ui.workbench 2 0 2013-10-07 18:25:09.501
!MESSAGE Missing imported package org.eclipse.e4.core.commands_0.0.0.
!SUBENTRY 2 org.eclipse.ui.workbench 2 0 2013-10-07 18:25:09.502
!MESSAGE Missing imported package org.eclipse.e4.core.commands.internal_0.0.0.
!SUBENTRY 2 org.eclipse.ui.workbench 2 0 2013-10-07 18:25:09.502
!MESSAGE Missing imported package org.eclipse.e4.ui.internal.workbench_0.0.0.
!SUBENTRY 2 org.eclipse.ui.workbench 2 0 2013-10-07 18:25:09.503
!MESSAGE Missing imported package org.eclipse.e4.ui.internal.workbench.addons_0.0.0.
!SUBENTRY 2 org.eclipse.ui.workbench 2 0 2013-10-07 18:25:09.503
!MESSAGE Missing imported package org.eclipse.e4.ui.internal.workbench.renderers.swt_0.0.0.
!SUBENTRY 2 org.eclipse.ui.workbench 2 0 2013-10-07 18:25:09.504
!MESSAGE Missing imported package org.eclipse.e4.ui.internal.workbench.swt_0.0.0.
!SUBENTRY 2 org.eclipse.ui.workbench 2 0 2013-10-07 18:25:09.504
!MESSAGE Missing imported package org.eclipse.e4.ui.services_0.0.0.
!SUBENTRY 2 org.eclipse.ui.workbench 2 0 2013-10-07 18:25:09.505
!MESSAGE Missing imported package org.eclipse.e4.ui.workbench_0.0.0.
!SUBENTRY 2 org.eclipse.ui.workbench 2 0 2013-10-07 18:25:09.506
!MESSAGE Missing imported package org.eclipse.e4.ui.workbench.modeling_0.0.0.
!SUBENTRY 2 org.eclipse.ui.workbench 2 0 2013-10-07 18:25:09.506
!MESSAGE Missing imported package org.eclipse.e4.ui.workbench.renderers.swt_0.0.0.
!SUBENTRY 2 org.eclipse.ui.workbench 2 0 2013-10-07 18:25:09.506
!MESSAGE Missing imported package org.eclipse.emf.common.util_0.0.0.
!SUBENTRY 2 org.eclipse.ui.workbench 2 0 2013-10-07 18:25:09.507
!MESSAGE Missing imported package org.eclipse.emf.ecore_0.0.0.
!SUBENTRY 2 org.eclipse.ui.workbench 2 0 2013-10-07 18:25:09.507
!MESSAGE Missing imported package org.eclipse.emf.ecore.util_0.0.0.
!SUBENTRY 2 org.eclipse.ui.workbench 2 0 2013-10-07 18:25:09.508
!MESSAGE Missing imported package org.w3c.dom.css_2.0.0.

!ENTRY org.eclipse.osgi 4 0 2013-10-07 18:25:09.513
!MESSAGE Application error
!STACK 1
java.lang.RuntimeException: No application id has been found.
	at org.eclipse.equinox.internal.app.EclipseAppContainer.startDefaultApp(EclipseAppContainer.java:242)
	at org.eclipse.equinox.internal.app.MainApplicationLauncher.run(MainApplicationLauncher.java:29)
	at org.eclipse.core.runtime.internal.adaptor.EclipseAppLauncher.runApplication(EclipseAppLauncher.java:110)
	at org.eclipse.core.runtime.internal.adaptor.EclipseAppLauncher.start(EclipseAppLauncher.java:79)
	at org.eclipse.core.runtime.adaptor.EclipseStarter.run(EclipseStarter.java:354)
	at org.eclipse.core.runtime.adaptor.EclipseStarter.run(EclipseStarter.java:181)
	at sun.reflect.NativeMethodAccessorImpl.invoke0(Native Method)
	at sun.reflect.NativeMethodAccessorImpl.invoke(Unknown Source)
	at sun.reflect.DelegatingMethodAccessorImpl.invoke(Unknown Source)
	at java.lang.reflect.Method.invoke(Unknown Source)
	at org.eclipse.equinox.launcher.Main.invokeFramework(Main.java:636)
	at org.eclipse.equinox.launcher.Main.basicRun(Main.java:591)
	at org.eclipse.equinox.launcher.Main.run(Main.java:1450)
	at org.eclipse.equinox.launcher.Main.main(Main.java:1426)
