!SESSION 2013-10-08 18:55:41.330 -----------------------------------------------
eclipse.buildId=unknown
java.version=1.7.0_25
java.vendor=Oracle Corporation
BootLoader constants: OS=win32, ARCH=x86, WS=win32, NL=en_US
Framework arguments:  -product ch.uzh.business.systemanalyse.tool.product
Command-line arguments:  -product ch.uzh.business.systemanalyse.tool.product -data C:\Users\krzysztof.dabkowski\Documents\1_Private\IBW\workspace 10.2013/../runtime-ch.uzh.business.systemanalyse.tool.product(1) -dev file:C:/Users/krzysztof.dabkowski/Documents/1_Private/IBW/workspace 10.2013/.metadata/.plugins/org.eclipse.pde.core/ch.uzh.business.systemanalyse.tool.product (1)/dev.properties -os win32 -ws win32 -arch x86 -consoleLog -data @user.home/Executive_System_Analysis_Tool

!ENTRY org.eclipse.equinox.app 0 0 2013-10-08 18:55:43.563
!MESSAGE Product ch.uzh.business.systemanalyse.tool.product could not be found.

!ENTRY org.eclipse.osgi 2 0 2013-10-08 18:55:43.614
!MESSAGE One or more bundles are not resolved because the following root constraints are not resolved:
!SUBENTRY 1 org.eclipse.osgi 2 0 2013-10-08 18:55:43.615
!MESSAGE Bundle initial@reference:file:plugins/org.eclipse.ui_3.105.0.v20130522-1122.jar was not resolved.
!SUBENTRY 2 org.eclipse.ui 2 0 2013-10-08 18:55:43.615
!MESSAGE Missing required capability Require-Capability: osgi.ee; filter="(|(&(osgi.ee=CDC/Foundation)(version=1.0))(&(osgi.ee=JavaSE)(version=1.3)))".
!SUBENTRY 1 org.eclipse.osgi 2 0 2013-10-08 18:55:43.616
!MESSAGE Bundle initial@reference:file:plugins/org.eclipse.ui.workbench_3.105.1.v20130821-1411.jar was not resolved.
!SUBENTRY 2 org.eclipse.ui.workbench 2 0 2013-10-08 18:55:43.616
!MESSAGE Missing imported package org.eclipse.emf.ecore_0.0.0.
!SUBENTRY 2 org.eclipse.ui.workbench 2 0 2013-10-08 18:55:43.617
!MESSAGE Missing imported package org.eclipse.emf.common.util_0.0.0.
!SUBENTRY 2 org.eclipse.ui.workbench 2 0 2013-10-08 18:55:43.617
!MESSAGE Missing required bundle org.eclipse.e4.ui.css.swt_0.9.1.
!SUBENTRY 2 org.eclipse.ui.workbench 2 0 2013-10-08 18:55:43.618
!MESSAGE Missing imported package org.eclipse.e4.core.commands_0.0.0.
!SUBENTRY 2 org.eclipse.ui.workbench 2 0 2013-10-08 18:55:43.618
!MESSAGE Missing required bundle org.eclipse.e4.ui.workbench3_0.12.0.
!SUBENTRY 2 org.eclipse.ui.workbench 2 0 2013-10-08 18:55:43.619
!MESSAGE Missing imported package javax.annotation_1.0.0.
!SUBENTRY 2 org.eclipse.ui.workbench 2 0 2013-10-08 18:55:43.619
!MESSAGE Missing imported package org.eclipse.e4.core.commands.internal_0.0.0.
!SUBENTRY 2 org.eclipse.ui.workbench 2 0 2013-10-08 18:55:43.620
!MESSAGE Missing imported package org.eclipse.e4.ui.workbench.modeling_0.0.0.
!SUBENTRY 2 org.eclipse.ui.workbench 2 0 2013-10-08 18:55:43.620
!MESSAGE Missing required bundle org.eclipse.e4.core.di_1.1.0.
!SUBENTRY 2 org.eclipse.ui.workbench 2 0 2013-10-08 18:55:43.621
!MESSAGE Missing required bundle org.eclipse.e4.ui.css.swt.theme_0.9.0.
!SUBENTRY 2 org.eclipse.ui.workbench 2 0 2013-10-08 18:55:43.621
!MESSAGE Missing imported package org.eclipse.e4.ui.internal.workbench.renderers.swt_0.0.0.
!SUBENTRY 2 org.eclipse.ui.workbench 2 0 2013-10-08 18:55:43.622
!MESSAGE Missing imported package org.eclipse.e4.ui.internal.workbench.addons_0.0.0.
!SUBENTRY 2 org.eclipse.ui.workbench 2 0 2013-10-08 18:55:43.622
!MESSAGE Missing required bundle org.eclipse.e4.ui.model.workbench_0.9.1.
!SUBENTRY 2 org.eclipse.ui.workbench 2 0 2013-10-08 18:55:43.623
!MESSAGE Missing required bundle org.eclipse.e4.ui.bindings_0.9.0.
!SUBENTRY 2 org.eclipse.ui.workbench 2 0 2013-10-08 18:55:43.623
!MESSAGE Missing required bundle org.eclipse.e4.ui.di_0.9.0.
!SUBENTRY 2 org.eclipse.ui.workbench 2 0 2013-10-08 18:55:43.624
!MESSAGE Missing required bundle org.eclipse.e4.core.services_1.0.0.
!SUBENTRY 2 org.eclipse.ui.workbench 2 0 2013-10-08 18:55:43.624
!MESSAGE Missing imported package org.eclipse.e4.ui.internal.workbench_0.0.0.
!SUBENTRY 2 org.eclipse.ui.workbench 2 0 2013-10-08 18:55:43.624
!MESSAGE Missing required bundle org.eclipse.e4.core.contexts_1.0.0.
!SUBENTRY 2 org.eclipse.ui.workbench 2 0 2013-10-08 18:55:43.625
!MESSAGE Missing required bundle org.eclipse.e4.ui.css.core_0.9.0.
!SUBENTRY 2 org.eclipse.ui.workbench 2 0 2013-10-08 18:55:43.625
!MESSAGE Missing required bundle org.eclipse.e4.ui.workbench.addons.swt_0.10.0.
!SUBENTRY 2 org.eclipse.ui.workbench 2 0 2013-10-08 18:55:43.625
!MESSAGE Missing required bundle org.eclipse.emf.ecore_2.7.0.
!SUBENTRY 2 org.eclipse.ui.workbench 2 0 2013-10-08 18:55:43.626
!MESSAGE Missing imported package org.eclipse.e4.ui.workbench_0.0.0.
!SUBENTRY 2 org.eclipse.ui.workbench 2 0 2013-10-08 18:55:43.626
!MESSAGE Missing required bundle org.eclipse.e4.ui.workbench.swt_0.9.1.
!SUBENTRY 2 org.eclipse.ui.workbench 2 0 2013-10-08 18:55:43.626
!MESSAGE Missing imported package org.eclipse.e4.ui.services_0.0.0.
!SUBENTRY 2 org.eclipse.ui.workbench 2 0 2013-10-08 18:55:43.626
!MESSAGE Missing imported package org.eclipse.e4.ui.internal.workbench.swt_0.0.0.
!SUBENTRY 2 org.eclipse.ui.workbench 2 0 2013-10-08 18:55:43.627
!MESSAGE Missing imported package org.eclipse.e4.ui.workbench.renderers.swt_0.0.0.
!SUBENTRY 2 org.eclipse.ui.workbench 2 0 2013-10-08 18:55:43.627
!MESSAGE Missing imported package javax.inject_1.0.0.
!SUBENTRY 2 org.eclipse.ui.workbench 2 0 2013-10-08 18:55:43.628
!MESSAGE Missing imported package org.w3c.dom.css_2.0.0.
!SUBENTRY 2 org.eclipse.ui.workbench 2 0 2013-10-08 18:55:43.628
!MESSAGE Missing imported package org.eclipse.emf.ecore.util_0.0.0.

!ENTRY org.eclipse.osgi 2 0 2013-10-08 18:55:43.643
!MESSAGE The following is a complete list of bundles which are not resolved, see the prior log entry for the root cause if it exists:
!SUBENTRY 1 org.eclipse.osgi 2 0 2013-10-08 18:55:43.643
!MESSAGE Bundle org.eclipse.ui_3.105.0.v20130522-1122 [13] was not resolved.
!SUBENTRY 2 org.eclipse.ui 2 0 2013-10-08 18:55:43.644
!MESSAGE Missing required bundle org.eclipse.ui.workbench_[3.105.0,4.0.0).
!SUBENTRY 2 org.eclipse.ui 2 0 2013-10-08 18:55:43.644
!MESSAGE Missing required capability Require-Capability: osgi.ee; filter="(|(&(osgi.ee=CDC/Foundation)(version=1.0))(&(osgi.ee=JavaSE)(version=1.3)))".
!SUBENTRY 1 org.eclipse.osgi 2 0 2013-10-08 18:55:43.644
!MESSAGE Bundle org.eclipse.ui.workbench_3.105.1.v20130821-1411 [23] was not resolved.
!SUBENTRY 2 org.eclipse.ui.workbench 2 0 2013-10-08 18:55:43.645
!MESSAGE Missing required bundle org.eclipse.e4.core.services_1.0.0.
!SUBENTRY 2 org.eclipse.ui.workbench 2 0 2013-10-08 18:55:43.645
!MESSAGE Missing required bundle org.eclipse.e4.core.contexts_1.0.0.
!SUBENTRY 2 org.eclipse.ui.workbench 2 0 2013-10-08 18:55:43.645
!MESSAGE Missing required bundle org.eclipse.e4.core.di_1.1.0.
!SUBENTRY 2 org.eclipse.ui.workbench 2 0 2013-10-08 18:55:43.646
!MESSAGE Missing required bundle org.eclipse.e4.ui.workbench.swt_0.9.1.
!SUBENTRY 2 org.eclipse.ui.workbench 2 0 2013-10-08 18:55:43.646
!MESSAGE Missing required bundle org.eclipse.e4.ui.di_0.9.0.
!SUBENTRY 2 org.eclipse.ui.workbench 2 0 2013-10-08 18:55:43.646
!MESSAGE Missing required bundle org.eclipse.e4.ui.model.workbench_0.9.1.
!SUBENTRY 2 org.eclipse.ui.workbench 2 0 2013-10-08 18:55:43.647
!MESSAGE Missing required bundle org.eclipse.e4.ui.css.swt.theme_0.9.0.
!SUBENTRY 2 org.eclipse.ui.workbench 2 0 2013-10-08 18:55:43.647
!MESSAGE Missing required bundle org.eclipse.e4.ui.bindings_0.9.0.
!SUBENTRY 2 org.eclipse.ui.workbench 2 0 2013-10-08 18:55:43.647
!MESSAGE Missing required bundle org.eclipse.e4.ui.css.swt_0.9.1.
!SUBENTRY 2 org.eclipse.ui.workbench 2 0 2013-10-08 18:55:43.647
!MESSAGE Missing required bundle org.eclipse.e4.ui.css.core_0.9.0.
!SUBENTRY 2 org.eclipse.ui.workbench 2 0 2013-10-08 18:55:43.648
!MESSAGE Missing required bundle org.eclipse.e4.ui.workbench3_0.12.0.
!SUBENTRY 2 org.eclipse.ui.workbench 2 0 2013-10-08 18:55:43.648
!MESSAGE Missing required bundle org.eclipse.e4.ui.workbench.addons.swt_0.10.0.
!SUBENTRY 2 org.eclipse.ui.workbench 2 0 2013-10-08 18:55:43.648
!MESSAGE Missing required bundle org.eclipse.emf.ecore_2.7.0.
!SUBENTRY 2 org.eclipse.ui.workbench 2 0 2013-10-08 18:55:43.648
!MESSAGE Missing imported package javax.annotation_1.0.0.
!SUBENTRY 2 org.eclipse.ui.workbench 2 0 2013-10-08 18:55:43.649
!MESSAGE Missing imported package javax.inject_1.0.0.
!SUBENTRY 2 org.eclipse.ui.workbench 2 0 2013-10-08 18:55:43.649
!MESSAGE Missing imported package org.eclipse.e4.core.commands_0.0.0.
!SUBENTRY 2 org.eclipse.ui.workbench 2 0 2013-10-08 18:55:43.649
!MESSAGE Missing imported package org.eclipse.e4.core.commands.internal_0.0.0.
!SUBENTRY 2 org.eclipse.ui.workbench 2 0 2013-10-08 18:55:43.649
!MESSAGE Missing imported package org.eclipse.e4.ui.internal.workbench_0.0.0.
!SUBENTRY 2 org.eclipse.ui.workbench 2 0 2013-10-08 18:55:43.650
!MESSAGE Missing imported package org.eclipse.e4.ui.internal.workbench.addons_0.0.0.
!SUBENTRY 2 org.eclipse.ui.workbench 2 0 2013-10-08 18:55:43.650
!MESSAGE Missing imported package org.eclipse.e4.ui.internal.workbench.renderers.swt_0.0.0.
!SUBENTRY 2 org.eclipse.ui.workbench 2 0 2013-10-08 18:55:43.650
!MESSAGE Missing imported package org.eclipse.e4.ui.internal.workbench.swt_0.0.0.
!SUBENTRY 2 org.eclipse.ui.workbench 2 0 2013-10-08 18:55:43.650
!MESSAGE Missing imported package org.eclipse.e4.ui.services_0.0.0.
!SUBENTRY 2 org.eclipse.ui.workbench 2 0 2013-10-08 18:55:43.651
!MESSAGE Missing imported package org.eclipse.e4.ui.workbench_0.0.0.
!SUBENTRY 2 org.eclipse.ui.workbench 2 0 2013-10-08 18:55:43.651
!MESSAGE Missing imported package org.eclipse.e4.ui.workbench.modeling_0.0.0.
!SUBENTRY 2 org.eclipse.ui.workbench 2 0 2013-10-08 18:55:43.651
!MESSAGE Missing imported package org.eclipse.e4.ui.workbench.renderers.swt_0.0.0.
!SUBENTRY 2 org.eclipse.ui.workbench 2 0 2013-10-08 18:55:43.651
!MESSAGE Missing imported package org.eclipse.emf.common.util_0.0.0.
!SUBENTRY 2 org.eclipse.ui.workbench 2 0 2013-10-08 18:55:43.652
!MESSAGE Missing imported package org.eclipse.emf.ecore_0.0.0.
!SUBENTRY 2 org.eclipse.ui.workbench 2 0 2013-10-08 18:55:43.652
!MESSAGE Missing imported package org.eclipse.emf.ecore.util_0.0.0.
!SUBENTRY 2 org.eclipse.ui.workbench 2 0 2013-10-08 18:55:43.652
!MESSAGE Missing imported package org.w3c.dom.css_2.0.0.
!SUBENTRY 1 org.eclipse.osgi 2 0 2013-10-08 18:55:43.653
!MESSAGE Bundle org.eclipse.zest.core_1.5.0.201308190730 [30] was not resolved.
!SUBENTRY 2 org.eclipse.zest.core 2 0 2013-10-08 18:55:43.653
!MESSAGE Missing required bundle org.eclipse.ui_0.0.0.
!SUBENTRY 1 org.eclipse.osgi 2 0 2013-10-08 18:55:43.653
!MESSAGE Bundle ch.uzh.business.systemanalyse.tool_2.0.0 [37] was not resolved.
!SUBENTRY 2 ch.uzh.business.systemanalyse.tool 2 0 2013-10-08 18:55:43.654
!MESSAGE Missing required bundle org.eclipse.ui_0.0.0.
!SUBENTRY 2 ch.uzh.business.systemanalyse.tool 2 0 2013-10-08 18:55:43.654
!MESSAGE Missing required bundle org.eclipse.zest.core_1.3.0.

!ENTRY org.eclipse.osgi 2 0 2013-10-08 18:55:43.684
!MESSAGE One or more bundles are not resolved because the following root constraints are not resolved:
!SUBENTRY 1 org.eclipse.osgi 2 0 2013-10-08 18:55:43.684
!MESSAGE Bundle initial@reference:file:plugins/org.eclipse.ui_3.105.0.v20130522-1122.jar was not resolved.
!SUBENTRY 2 org.eclipse.ui 2 0 2013-10-08 18:55:43.685
!MESSAGE Missing required capability Require-Capability: osgi.ee; filter="(|(&(osgi.ee=CDC/Foundation)(version=1.0))(&(osgi.ee=JavaSE)(version=1.3)))".
!SUBENTRY 1 org.eclipse.osgi 2 0 2013-10-08 18:55:43.685
!MESSAGE Bundle initial@reference:file:plugins/org.eclipse.ui.workbench_3.105.1.v20130821-1411.jar was not resolved.
!SUBENTRY 2 org.eclipse.ui.workbench 2 0 2013-10-08 18:55:43.685
!MESSAGE Missing imported package org.eclipse.emf.ecore_0.0.0.
!SUBENTRY 2 org.eclipse.ui.workbench 2 0 2013-10-08 18:55:43.686
!MESSAGE Missing imported package org.eclipse.emf.common.util_0.0.0.
!SUBENTRY 2 org.eclipse.ui.workbench 2 0 2013-10-08 18:55:43.686
!MESSAGE Missing required bundle org.eclipse.e4.ui.css.swt_0.9.1.
!SUBENTRY 2 org.eclipse.ui.workbench 2 0 2013-10-08 18:55:43.686
!MESSAGE Missing imported package org.eclipse.e4.core.commands_0.0.0.
!SUBENTRY 2 org.eclipse.ui.workbench 2 0 2013-10-08 18:55:43.687
!MESSAGE Missing required bundle org.eclipse.e4.ui.workbench3_0.12.0.
!SUBENTRY 2 org.eclipse.ui.workbench 2 0 2013-10-08 18:55:43.687
!MESSAGE Missing imported package javax.annotation_1.0.0.
!SUBENTRY 2 org.eclipse.ui.workbench 2 0 2013-10-08 18:55:43.688
!MESSAGE Missing imported package org.eclipse.e4.core.commands.internal_0.0.0.
!SUBENTRY 2 org.eclipse.ui.workbench 2 0 2013-10-08 18:55:43.688
!MESSAGE Missing imported package org.eclipse.e4.ui.workbench.modeling_0.0.0.
!SUBENTRY 2 org.eclipse.ui.workbench 2 0 2013-10-08 18:55:43.689
!MESSAGE Missing required bundle org.eclipse.e4.core.di_1.1.0.
!SUBENTRY 2 org.eclipse.ui.workbench 2 0 2013-10-08 18:55:43.689
!MESSAGE Missing required bundle org.eclipse.e4.ui.css.swt.theme_0.9.0.
!SUBENTRY 2 org.eclipse.ui.workbench 2 0 2013-10-08 18:55:43.690
!MESSAGE Missing imported package org.eclipse.e4.ui.internal.workbench.renderers.swt_0.0.0.
!SUBENTRY 2 org.eclipse.ui.workbench 2 0 2013-10-08 18:55:43.690
!MESSAGE Missing imported package org.eclipse.e4.ui.internal.workbench.addons_0.0.0.
!SUBENTRY 2 org.eclipse.ui.workbench 2 0 2013-10-08 18:55:43.690
!MESSAGE Missing required bundle org.eclipse.e4.ui.model.workbench_0.9.1.
!SUBENTRY 2 org.eclipse.ui.workbench 2 0 2013-10-08 18:55:43.691
!MESSAGE Missing required bundle org.eclipse.e4.ui.bindings_0.9.0.
!SUBENTRY 2 org.eclipse.ui.workbench 2 0 2013-10-08 18:55:43.691
!MESSAGE Missing required bundle org.eclipse.e4.ui.di_0.9.0.
!SUBENTRY 2 org.eclipse.ui.workbench 2 0 2013-10-08 18:55:43.691
!MESSAGE Missing required bundle org.eclipse.e4.core.services_1.0.0.
!SUBENTRY 2 org.eclipse.ui.workbench 2 0 2013-10-08 18:55:43.692
!MESSAGE Missing imported package org.eclipse.e4.ui.internal.workbench_0.0.0.
!SUBENTRY 2 org.eclipse.ui.workbench 2 0 2013-10-08 18:55:43.692
!MESSAGE Missing required bundle org.eclipse.e4.core.contexts_1.0.0.
!SUBENTRY 2 org.eclipse.ui.workbench 2 0 2013-10-08 18:55:43.692
!MESSAGE Missing required bundle org.eclipse.e4.ui.css.core_0.9.0.
!SUBENTRY 2 org.eclipse.ui.workbench 2 0 2013-10-08 18:55:43.693
!MESSAGE Missing required bundle org.eclipse.e4.ui.workbench.addons.swt_0.10.0.
!SUBENTRY 2 org.eclipse.ui.workbench 2 0 2013-10-08 18:55:43.693
!MESSAGE Missing required bundle org.eclipse.emf.ecore_2.7.0.
!SUBENTRY 2 org.eclipse.ui.workbench 2 0 2013-10-08 18:55:43.693
!MESSAGE Missing imported package org.eclipse.e4.ui.workbench_0.0.0.
!SUBENTRY 2 org.eclipse.ui.workbench 2 0 2013-10-08 18:55:43.694
!MESSAGE Missing required bundle org.eclipse.e4.ui.workbench.swt_0.9.1.
!SUBENTRY 2 org.eclipse.ui.workbench 2 0 2013-10-08 18:55:43.694
!MESSAGE Missing imported package org.eclipse.e4.ui.services_0.0.0.
!SUBENTRY 2 org.eclipse.ui.workbench 2 0 2013-10-08 18:55:43.694
!MESSAGE Missing imported package org.eclipse.e4.ui.internal.workbench.swt_0.0.0.
!SUBENTRY 2 org.eclipse.ui.workbench 2 0 2013-10-08 18:55:43.695
!MESSAGE Missing imported package org.eclipse.e4.ui.workbench.renderers.swt_0.0.0.
!SUBENTRY 2 org.eclipse.ui.workbench 2 0 2013-10-08 18:55:43.695
!MESSAGE Missing imported package javax.inject_1.0.0.
!SUBENTRY 2 org.eclipse.ui.workbench 2 0 2013-10-08 18:55:43.695
!MESSAGE Missing imported package org.w3c.dom.css_2.0.0.
!SUBENTRY 2 org.eclipse.ui.workbench 2 0 2013-10-08 18:55:43.695
!MESSAGE Missing imported package org.eclipse.emf.ecore.util_0.0.0.

!ENTRY org.eclipse.osgi 2 0 2013-10-08 18:55:43.720
!MESSAGE The following is a complete list of bundles which are not resolved, see the prior log entry for the root cause if it exists:
!SUBENTRY 1 org.eclipse.osgi 2 0 2013-10-08 18:55:43.720
!MESSAGE Bundle org.eclipse.ui_3.105.0.v20130522-1122 [13] was not resolved.
!SUBENTRY 2 org.eclipse.ui 2 0 2013-10-08 18:55:43.720
!MESSAGE Missing required bundle org.eclipse.ui.workbench_[3.105.0,4.0.0).
!SUBENTRY 2 org.eclipse.ui 2 0 2013-10-08 18:55:43.720
!MESSAGE Missing required capability Require-Capability: osgi.ee; filter="(|(&(osgi.ee=CDC/Foundation)(version=1.0))(&(osgi.ee=JavaSE)(version=1.3)))".
!SUBENTRY 1 org.eclipse.osgi 2 0 2013-10-08 18:55:43.720
!MESSAGE Bundle org.eclipse.ui.workbench_3.105.1.v20130821-1411 [23] was not resolved.
!SUBENTRY 2 org.eclipse.ui.workbench 2 0 2013-10-08 18:55:43.720
!MESSAGE Missing required bundle org.eclipse.e4.core.services_1.0.0.
!SUBENTRY 2 org.eclipse.ui.workbench 2 0 2013-10-08 18:55:43.720
!MESSAGE Missing required bundle org.eclipse.e4.core.contexts_1.0.0.
!SUBENTRY 2 org.eclipse.ui.workbench 2 0 2013-10-08 18:55:43.721
!MESSAGE Missing required bundle org.eclipse.e4.core.di_1.1.0.
!SUBENTRY 2 org.eclipse.ui.workbench 2 0 2013-10-08 18:55:43.721
!MESSAGE Missing required bundle org.eclipse.e4.ui.workbench.swt_0.9.1.
!SUBENTRY 2 org.eclipse.ui.workbench 2 0 2013-10-08 18:55:43.721
!MESSAGE Missing required bundle org.eclipse.e4.ui.di_0.9.0.
!SUBENTRY 2 org.eclipse.ui.workbench 2 0 2013-10-08 18:55:43.721
!MESSAGE Missing required bundle org.eclipse.e4.ui.model.workbench_0.9.1.
!SUBENTRY 2 org.eclipse.ui.workbench 2 0 2013-10-08 18:55:43.721
!MESSAGE Missing required bundle org.eclipse.e4.ui.css.swt.theme_0.9.0.
!SUBENTRY 2 org.eclipse.ui.workbench 2 0 2013-10-08 18:55:43.721
!MESSAGE Missing required bundle org.eclipse.e4.ui.bindings_0.9.0.
!SUBENTRY 2 org.eclipse.ui.workbench 2 0 2013-10-08 18:55:43.721
!MESSAGE Missing required bundle org.eclipse.e4.ui.css.swt_0.9.1.
!SUBENTRY 2 org.eclipse.ui.workbench 2 0 2013-10-08 18:55:43.721
!MESSAGE Missing required bundle org.eclipse.e4.ui.css.core_0.9.0.
!SUBENTRY 2 org.eclipse.ui.workbench 2 0 2013-10-08 18:55:43.722
!MESSAGE Missing required bundle org.eclipse.e4.ui.workbench3_0.12.0.
!SUBENTRY 2 org.eclipse.ui.workbench 2 0 2013-10-08 18:55:43.722
!MESSAGE Missing required bundle org.eclipse.e4.ui.workbench.addons.swt_0.10.0.
!SUBENTRY 2 org.eclipse.ui.workbench 2 0 2013-10-08 18:55:43.722
!MESSAGE Missing required bundle org.eclipse.emf.ecore_2.7.0.
!SUBENTRY 2 org.eclipse.ui.workbench 2 0 2013-10-08 18:55:43.722
!MESSAGE Missing imported package javax.annotation_1.0.0.
!SUBENTRY 2 org.eclipse.ui.workbench 2 0 2013-10-08 18:55:43.722
!MESSAGE Missing imported package javax.inject_1.0.0.
!SUBENTRY 2 org.eclipse.ui.workbench 2 0 2013-10-08 18:55:43.722
!MESSAGE Missing imported package org.eclipse.e4.core.commands_0.0.0.
!SUBENTRY 2 org.eclipse.ui.workbench 2 0 2013-10-08 18:55:43.722
!MESSAGE Missing imported package org.eclipse.e4.core.commands.internal_0.0.0.
!SUBENTRY 2 org.eclipse.ui.workbench 2 0 2013-10-08 18:55:43.722
!MESSAGE Missing imported package org.eclipse.e4.ui.internal.workbench_0.0.0.
!SUBENTRY 2 org.eclipse.ui.workbench 2 0 2013-10-08 18:55:43.723
!MESSAGE Missing imported package org.eclipse.e4.ui.internal.workbench.addons_0.0.0.
!SUBENTRY 2 org.eclipse.ui.workbench 2 0 2013-10-08 18:55:43.723
!MESSAGE Missing imported package org.eclipse.e4.ui.internal.workbench.renderers.swt_0.0.0.
!SUBENTRY 2 org.eclipse.ui.workbench 2 0 2013-10-08 18:55:43.723
!MESSAGE Missing imported package org.eclipse.e4.ui.internal.workbench.swt_0.0.0.
!SUBENTRY 2 org.eclipse.ui.workbench 2 0 2013-10-08 18:55:43.723
!MESSAGE Missing imported package org.eclipse.e4.ui.services_0.0.0.
!SUBENTRY 2 org.eclipse.ui.workbench 2 0 2013-10-08 18:55:43.723
!MESSAGE Missing imported package org.eclipse.e4.ui.workbench_0.0.0.
!SUBENTRY 2 org.eclipse.ui.workbench 2 0 2013-10-08 18:55:43.723
!MESSAGE Missing imported package org.eclipse.e4.ui.workbench.modeling_0.0.0.
!SUBENTRY 2 org.eclipse.ui.workbench 2 0 2013-10-08 18:55:43.724
!MESSAGE Missing imported package org.eclipse.e4.ui.workbench.renderers.swt_0.0.0.
!SUBENTRY 2 org.eclipse.ui.workbench 2 0 2013-10-08 18:55:43.724
!MESSAGE Missing imported package org.eclipse.emf.common.util_0.0.0.
!SUBENTRY 2 org.eclipse.ui.workbench 2 0 2013-10-08 18:55:43.724
!MESSAGE Missing imported package org.eclipse.emf.ecore_0.0.0.
!SUBENTRY 2 org.eclipse.ui.workbench 2 0 2013-10-08 18:55:43.724
!MESSAGE Missing imported package org.eclipse.emf.ecore.util_0.0.0.
!SUBENTRY 2 org.eclipse.ui.workbench 2 0 2013-10-08 18:55:43.724
!MESSAGE Missing imported package org.w3c.dom.css_2.0.0.
!SUBENTRY 1 org.eclipse.osgi 2 0 2013-10-08 18:55:43.724
!MESSAGE Bundle org.eclipse.zest.core_1.5.0.201308190730 [30] was not resolved.
!SUBENTRY 2 org.eclipse.zest.core 2 0 2013-10-08 18:55:43.724
!MESSAGE Missing required bundle org.eclipse.ui_0.0.0.
!SUBENTRY 1 org.eclipse.osgi 2 0 2013-10-08 18:55:43.724
!MESSAGE Bundle ch.uzh.business.systemanalyse.tool_2.0.0 [37] was not resolved.
!SUBENTRY 2 ch.uzh.business.systemanalyse.tool 2 0 2013-10-08 18:55:43.725
!MESSAGE Missing required bundle org.eclipse.ui_0.0.0.
!SUBENTRY 2 ch.uzh.business.systemanalyse.tool 2 0 2013-10-08 18:55:43.725
!MESSAGE Missing required bundle org.eclipse.zest.core_1.3.0.

!ENTRY org.eclipse.osgi 4 0 2013-10-08 18:55:43.729
!MESSAGE Application error
!STACK 1
java.lang.RuntimeException: No application id has been found.
	at org.eclipse.equinox.internal.app.EclipseAppContainer.startDefaultApp(EclipseAppContainer.java:242)
	at org.eclipse.equinox.internal.app.MainApplicationLauncher.run(MainApplicationLauncher.java:29)
	at org.eclipse.core.runtime.internal.adaptor.EclipseAppLauncher.runApplication(EclipseAppLauncher.java:110)
	at org.eclipse.core.runtime.internal.adaptor.EclipseAppLauncher.start(EclipseAppLauncher.java:79)
	at org.eclipse.core.runtime.adaptor.EclipseStarter.run(EclipseStarter.java:354)
	at org.eclipse.core.runtime.adaptor.EclipseStarter.run(EclipseStarter.java:181)
	at sun.reflect.NativeMethodAccessorImpl.invoke0(Native Method)
	at sun.reflect.NativeMethodAccessorImpl.invoke(Unknown Source)
	at sun.reflect.DelegatingMethodAccessorImpl.invoke(Unknown Source)
	at java.lang.reflect.Method.invoke(Unknown Source)
	at org.eclipse.equinox.launcher.Main.invokeFramework(Main.java:636)
	at org.eclipse.equinox.launcher.Main.basicRun(Main.java:591)
	at org.eclipse.equinox.launcher.Main.run(Main.java:1450)
	at org.eclipse.equinox.launcher.Main.main(Main.java:1426)
