!SESSION 2014-05-16 08:33:02.208 -----------------------------------------------
eclipse.buildId=unknown
java.version=1.7.0_55
java.vendor=Oracle Corporation
BootLoader constants: OS=win32, ARCH=x86, WS=win32, NL=en_US
Framework arguments:  -product ch.uzh.business.systemanalyse.tool.product
Command-line arguments:  -product ch.uzh.business.systemanalyse.tool.product -data C:\Users\krzysztof.dabkowski\Documents\1_Private\Praca\Dev\IBW\workspace 10.2013/../runtime-ch.uzh.business.systemanalyse.tool.product(1) -dev file:C:/Users/krzysztof.dabkowski/Documents/1_Private/Praca/Dev/IBW/workspace 10.2013/.metadata/.plugins/org.eclipse.pde.core/ch.uzh.business.systemanalyse.tool.product (1)/dev.properties -os win32 -ws win32 -arch x86 -consoleLog -data @user.home/Executive_System_Analysis_Tool

!ENTRY org.eclipse.equinox.app 0 0 2014-05-16 08:33:04.720
!MESSAGE Product ch.uzh.business.systemanalyse.tool.product could not be found.

!ENTRY org.eclipse.osgi 2 0 2014-05-16 08:33:04.886
!MESSAGE One or more bundles are not resolved because the following root constraints are not resolved:
!SUBENTRY 1 org.eclipse.osgi 2 0 2014-05-16 08:33:04.887
!MESSAGE Bundle initial@reference:file:../../IBW/workspace 10.2013/ch.uzh.business.systemanalyse.tool/ was not resolved.
!SUBENTRY 2 ch.uzh.business.systemanalyse.tool 2 0 2014-05-16 08:33:04.888
!MESSAGE Missing required bundle ch.uzh.business.systemsanalyse.tool.apache.net.libs_1.0.0.

!ENTRY org.eclipse.osgi 2 0 2014-05-16 08:33:04.898
!MESSAGE The following is a complete list of bundles which are not resolved, see the prior log entry for the root cause if it exists:
!SUBENTRY 1 org.eclipse.osgi 2 0 2014-05-16 08:33:04.898
!MESSAGE Bundle ch.uzh.business.systemanalyse.tool_2.0.0 [82] was not resolved.
!SUBENTRY 2 ch.uzh.business.systemanalyse.tool 2 0 2014-05-16 08:33:04.899
!MESSAGE Missing required bundle ch.uzh.business.systemsanalyse.tool.apache.net.libs_1.0.0.

!ENTRY org.eclipse.osgi 4 0 2014-05-16 08:33:04.905
!MESSAGE Application error
!STACK 1
java.lang.RuntimeException: No application id has been found.
	at org.eclipse.equinox.internal.app.EclipseAppContainer.startDefaultApp(EclipseAppContainer.java:242)
	at org.eclipse.equinox.internal.app.MainApplicationLauncher.run(MainApplicationLauncher.java:29)
	at org.eclipse.core.runtime.internal.adaptor.EclipseAppLauncher.runApplication(EclipseAppLauncher.java:110)
	at org.eclipse.core.runtime.internal.adaptor.EclipseAppLauncher.start(EclipseAppLauncher.java:79)
	at org.eclipse.core.runtime.adaptor.EclipseStarter.run(EclipseStarter.java:354)
	at org.eclipse.core.runtime.adaptor.EclipseStarter.run(EclipseStarter.java:181)
	at sun.reflect.NativeMethodAccessorImpl.invoke0(Native Method)
	at sun.reflect.NativeMethodAccessorImpl.invoke(Unknown Source)
	at sun.reflect.DelegatingMethodAccessorImpl.invoke(Unknown Source)
	at java.lang.reflect.Method.invoke(Unknown Source)
	at org.eclipse.equinox.launcher.Main.invokeFramework(Main.java:636)
	at org.eclipse.equinox.launcher.Main.basicRun(Main.java:591)
	at org.eclipse.equinox.launcher.Main.run(Main.java:1450)
	at org.eclipse.equinox.launcher.Main.main(Main.java:1426)
